<?xml version="1.0" encoding="UTF-8" ?>
<assessmentTest xmlns="http://www.imsglobal.org/xsd/imsqti_v2p1" xmlns:xsi="http://www.w3.org/2001/XMLSchema-instance"
  xsi:schemaLocation="http://www.imsglobal.org/xsd/imsqti_v2p1 http://www.imsglobal.org/xsd/imsqti_v2p1.xsd"
  identifier="Test01"
  title="Nonlinear/Individual (Needs Improvement)">

  <outcomeDeclaration identifier="totalScore" cardinality="single" baseType="float"/>
  <outcomeDeclaration identifier="testPartFeedback" cardinality="single" baseType="identifier">
    <defaultValue>
      <value>always</value>
    </defaultValue>
  </outcomeDeclaration>
  <testPart identifier="P01" navigationMode="nonlinear" submissionMode="individual">
    <assessmentSection identifier="S01" title="Section 1" visible="true">
      <assessmentSection identifier="S01f" title="Questions with Feedback" visible="true">
        <rubricBlock view="candidate">
          <p>
            This section asks the same question (with feedback) several times with different feedback-related
            <code>itemSessionControl</code> options.
            It has individual submission mode, so your answers will be "marked"
            immediately after submission and, depending on the value of
            <code>itemSessionControl</code>, you may or may not get
            feedback and/or a solution. Likewise, you may or may not be able to
            review the question once the <code>testPart</code> is complete.
          </p>
          <p>
            The values of <code>itemSessionControl</code> used here are (in order):
          </p>
          <ul>
            <li>allowReview=false, showFeedback=false</li>
            <li>allowReview=false, showFeedback=true</li>
            <li>allowReview=true, showFeedback=false</li>
            <li>allowReview=true, showFeedback=true</li>
            <li>allowReview=true, showFeedback=true, showSolution=true</li>
          </ul>
        </rubricBlock>
        <assessmentItemRef identifier="item01a" href="addition-feedback.xml">
          <itemSessionControl allowReview="false" showFeedback="false"/>
        </assessmentItemRef>
        <assessmentItemRef identifier="item01b" href="addition-feedback.xml">
          <itemSessionControl allowReview="false" showFeedback="true"/>
        </assessmentItemRef>
        <assessmentItemRef identifier="item01c" href="addition-feedback.xml">
          <itemSessionControl allowReview="true" showFeedback="false"/>
        </assessmentItemRef>
        <assessmentItemRef identifier="item01d" href="addition-feedback.xml">
          <itemSessionControl allowReview="true" showFeedback="true"/>
        </assessmentItemRef>
        <assessmentItemRef identifier="item01e" href="addition-feedback.xml">
          <itemSessionControl allowReview="true" showFeedback="true" showSolution="true"/>
        </assessmentItemRef>
      </assessmentSection>
      <assessmentSection identifier="S01fm" title="Questions using Max Attempts" visible="true">
        <rubricBlock view="candidate">
          <p>
            This section asks the same non-adpative question multiple times, using different values of
            <code>maxAttempts</code> in the <code>itemSessionControl</code>. You should see this
            manifest itself in the number of times you are allowed to submit an answer before the question
            closes.
          </p>
          <p>In order, the values of <code>maxAttempts</code> used are:</p>
          <ul>
            <li>maxAttempts=0 (i.e. unlimited attempts)</li>
            <li>maxAttempts=1</li>
            <li>maxAttempts=2</li>
          </ul>
        </rubricBlock>
        <assessmentItemRef identifier="item01fm0" href="addition-feedback.xml">
          <itemSessionControl maxAttempts="0"/>
        </assessmentItemRef>
        <assessmentItemRef identifier="item01fm1" href="addition-feedback.xml">
          <itemSessionControl maxAttempts="1"/>
        </assessmentItemRef>
        <assessmentItemRef identifier="item01fm2" href="addition-feedback.xml">
          <itemSessionControl maxAttempts="2"/>
        </assessmentItemRef>
      </assessmentSection>
      <assessmentSection identifier="S01nf" title="Questions with Solutions but no Feedback" visible="true">
        <rubricBlock view="candidate">
          <p>FIXME: Solutions aren't implemented yet, so this doesn't do very much!</p>
          <p>The following question has no feedback and is asked several times with different &lt;itemSessionControl&gt;</p>
          <ul>
            <li>showSolution=false</li>
            <li>showSolution=true</li>
          </ul>
        </rubricBlock>
        <assessmentItemRef identifier="item02a" href="addition-no-feedback.xml"/>
        <assessmentItemRef identifier="item02b" href="addition-no-feedback.xml">
          <itemSessionControl showSolution="true"/>
        </assessmentItemRef>
      </assessmentSection>
    </assessmentSection>
    <testFeedback access="atEnd" showHide="show" outcomeIdentifier="testPartFeedback" identifier="always">
      <p>
        This is feedback shown at the end of the single <code>testPart</code> in this test.
      </p>
      <p>
        Your total score is <printedVariable identifier="totalScore"/>.
      </p>
    </testFeedback>
  </testPart>
  <outcomeProcessing>
    <setOutcomeValue identifier="totalScore">
      <sum>
        <testVariables variableIdentifier="SCORE"/>
      </sum>
    </setOutcomeValue>
  </outcomeProcessing>
</assessmentTest>
